  main.c
D:\990_Csource\BitOperation\BitOperation\main.c(16,18): warning C4244: '함수': 'time_t'에서 'unsigned int'(으)로 변환하면서 데이터가 손실될 수 있습니다.
D:\990_Csource\BitOperation\BitOperation\main.c(21,9): warning C4477: 'printf' : 서식 문자열 '%d'에 'int' 형식의 인수가 필요하지만 variadic 인수 1의 형식이 'unsigned __int64'입니다.
D:\990_Csource\BitOperation\BitOperation\main.c(21,9): message : 서식 문자열에서 '%lld'을(를) 사용하는 것이 좋습니다.
D:\990_Csource\BitOperation\BitOperation\main.c(21,9): message : 서식 문자열에서 '%I64d'을(를) 사용하는 것이 좋습니다.
D:\990_Csource\BitOperation\BitOperation\main.c(48,11): warning C4477: 'printf' : 서식 문자열 '%d'에 'int' 형식의 인수가 필요하지만 variadic 인수 1의 형식이 'unsigned __int64'입니다.
D:\990_Csource\BitOperation\BitOperation\main.c(48,11): message : 서식 문자열에서 '%lld'을(를) 사용하는 것이 좋습니다.
D:\990_Csource\BitOperation\BitOperation\main.c(48,11): message : 서식 문자열에서 '%I64d'을(를) 사용하는 것이 좋습니다.
D:\990_Csource\BitOperation\BitOperation\main.c(57,11): warning C4477: 'printf' : 서식 문자열 '%d'에 'int' 형식의 인수가 필요하지만 variadic 인수 1의 형식이 'unsigned __int64'입니다.
D:\990_Csource\BitOperation\BitOperation\main.c(57,11): message : 서식 문자열에서 '%lld'을(를) 사용하는 것이 좋습니다.
D:\990_Csource\BitOperation\BitOperation\main.c(57,11): message : 서식 문자열에서 '%I64d'을(를) 사용하는 것이 좋습니다.
D:\990_Csource\BitOperation\BitOperation\main.c(63,11): warning C4477: 'printf' : 서식 문자열 '%d'에 'int' 형식의 인수가 필요하지만 variadic 인수 1의 형식이 'unsigned __int64'입니다.
D:\990_Csource\BitOperation\BitOperation\main.c(63,11): message : 서식 문자열에서 '%lld'을(를) 사용하는 것이 좋습니다.
D:\990_Csource\BitOperation\BitOperation\main.c(63,11): message : 서식 문자열에서 '%I64d'을(를) 사용하는 것이 좋습니다.
D:\990_Csource\BitOperation\BitOperation\main.c(68,11): warning C4477: 'printf' : 서식 문자열 '%d'에 'int' 형식의 인수가 필요하지만 variadic 인수 1의 형식이 'unsigned __int64'입니다.
D:\990_Csource\BitOperation\BitOperation\main.c(68,11): message : 서식 문자열에서 '%lld'을(를) 사용하는 것이 좋습니다.
D:\990_Csource\BitOperation\BitOperation\main.c(68,11): message : 서식 문자열에서 '%I64d'을(를) 사용하는 것이 좋습니다.
D:\990_Csource\BitOperation\BitOperation\main.c(73,11): warning C4477: 'printf' : 서식 문자열 '%d'에 'int' 형식의 인수가 필요하지만 variadic 인수 1의 형식이 'unsigned __int64'입니다.
D:\990_Csource\BitOperation\BitOperation\main.c(73,11): message : 서식 문자열에서 '%lld'을(를) 사용하는 것이 좋습니다.
D:\990_Csource\BitOperation\BitOperation\main.c(73,11): message : 서식 문자열에서 '%I64d'을(를) 사용하는 것이 좋습니다.
  BitOperation.vcxproj -> D:\990_Csource\BitOperation\Debug\BitOperation.exe
